[debug] [2025-05-06T09:54:14.042Z] ----------------------------------------------------------------------
[debug] [2025-05-06T09:54:14.049Z] Command:       C:\Program Files\nodejs\node.exe C:\Users\ravim\AppData\Roaming\npm\node_modules\firebase-tools\lib\bin\firebase.js init
[debug] [2025-05-06T09:54:14.049Z] CLI Version:   14.2.2
[debug] [2025-05-06T09:54:14.049Z] Platform:      win32
[debug] [2025-05-06T09:54:14.049Z] Node Version:  v20.15.0
[debug] [2025-05-06T09:54:14.050Z] Time:          Tue May 06 2025 15:24:14 GMT+0530 (India Standard Time)
[debug] [2025-05-06T09:54:14.050Z] ----------------------------------------------------------------------
[debug] 
[debug] [2025-05-06T09:54:14.196Z] > command requires scopes: ["email","openid","https://www.googleapis.com/auth/cloudplatformprojects.readonly","https://www.googleapis.com/auth/firebase","https://www.googleapis.com/auth/cloud-platform"]
[debug] [2025-05-06T09:54:14.196Z] > authorizing via signed-in user (ravimalranathunga@gmail.com)
[info] 
     ######## #### ########  ######## ########     ###     ######  ########
     ##        ##  ##     ## ##       ##     ##  ##   ##  ##       ##
     ######    ##  ########  ######   ########  #########  ######  ######
     ##        ##  ##    ##  ##       ##     ## ##     ##       ## ##
     ##       #### ##     ## ######## ########  ##     ##  ######  ########

You're about to initialize a Firebase project in this directory:

  D:\Mora\Engineering\Semester 4\Modular Software Development\Project\TicketAi_Users_frontend

Before we get started, keep in mind:

  * You are initializing within an existing Firebase project directory

[info] 
=== Project Setup
[info] 
[info] First, let's associate this project directory with a Firebase project.
[info] You can create multiple project aliases by running firebase use --add, 
[info] but for now we'll just set up a default project.
[info] 
[debug] [2025-05-06T09:54:23.400Z] Using project from CLI flag: ticketai-80877
[debug] [2025-05-06T09:54:23.401Z] Checked if tokens are valid: true, expires at: 1746526218628
[debug] [2025-05-06T09:54:23.401Z] Checked if tokens are valid: true, expires at: 1746526218628
[debug] [2025-05-06T09:54:23.402Z] >>> [apiv2][query] GET https://firebase.googleapis.com/v1beta1/projects/ticketai-80877 [none]
[debug] [2025-05-06T09:54:24.519Z] <<< [apiv2][status] GET https://firebase.googleapis.com/v1beta1/projects/ticketai-80877 200
[debug] [2025-05-06T09:54:24.519Z] <<< [apiv2][body] GET https://firebase.googleapis.com/v1beta1/projects/ticketai-80877 {"projectId":"ticketai-80877","projectNumber":"1080117589149","displayName":"TicketAi","name":"projects/ticketai-80877","resources":{"hostingSite":"ticketai-80877"},"state":"ACTIVE","etag":"1_825f2923-eafa-465f-8151-0d66d3bf184b"}
[info] i  Using project ticketai-80877 (TicketAi) 
[info] 
=== Hosting Setup
[debug] [2025-05-06T09:54:24.523Z] Checked if tokens are valid: true, expires at: 1746526218628
[debug] [2025-05-06T09:54:24.523Z] Checked if tokens are valid: true, expires at: 1746526218628
[debug] [2025-05-06T09:54:24.523Z] >>> [apiv2][query] GET https://firebase.googleapis.com/v1beta1/projects/ticketai-80877 [none]
[debug] [2025-05-06T09:54:25.147Z] <<< [apiv2][status] GET https://firebase.googleapis.com/v1beta1/projects/ticketai-80877 200
[debug] [2025-05-06T09:54:25.147Z] <<< [apiv2][body] GET https://firebase.googleapis.com/v1beta1/projects/ticketai-80877 {"projectId":"ticketai-80877","projectNumber":"1080117589149","displayName":"TicketAi","name":"projects/ticketai-80877","resources":{"hostingSite":"ticketai-80877"},"state":"ACTIVE","etag":"1_825f2923-eafa-465f-8151-0d66d3bf184b"}
[info] 
[info] Your public directory is the folder (relative to your project directory) that
[info] will contain Hosting assets to be uploaded with firebase deploy. If you
[info] have a build process for your assets, use your build's output directory.
[info] 
